<?xml version="1.0" encoding="UTF-8"?>
<testsuite name="org.fronend.testing.reto.runners.TestSuiteRunner" tests="1" skipped="0" failures="1" errors="0" timestamp="2024-02-29T21:28:52" hostname="MacBook-Pro-de-MacBook.local" time="0.591">
  <properties/>
  <testcase name="Registro de usuario manualmente" classname="org.fronend.testing.reto.runners.TestSuiteRunner" time="0.591">
    <failure message="io.cucumber.junit.UndefinedStepException: The step 'que Yaremis quiere realizar el registro en la pagina web Demo Qa' and 3 other step(s) are undefined.&#10;You can implement these steps using the snippet(s) below:&#10;&#10;@Dado(&quot;que Yaremis quiere realizar el registro en la pagina web Demo Qa&quot;)&#10;public void queYaremisQuiereRealizarElRegistroEnLaPaginaWebDemoQa() {&#10;    // Write code here that turns the phrase above into concrete actions&#10;    throw new io.cucumber.java.PendingException();&#10;}&#10;@Cuando(&quot;ingrese a la sección de New user&quot;)&#10;public void ingreseALaSecciónDeNewUser() {&#10;    // Write code here that turns the phrase above into concrete actions&#10;    throw new io.cucumber.java.PendingException();&#10;}&#10;@Cuando(&quot;diligencie los campos de Register to Book Store&quot;)&#10;public void diligencieLosCamposDeRegisterToBookStore() {&#10;    // Write code here that turns the phrase above into concrete actions&#10;    throw new io.cucumber.java.PendingException();&#10;}&#10;@Entonces(&quot;podra realizar el registro de manera exitosa&quot;)&#10;public void podraRealizarElRegistroDeManeraExitosa() {&#10;    // Write code here that turns the phrase above into concrete actions&#10;    throw new io.cucumber.java.PendingException();&#10;}&#10;" type="io.cucumber.junit.UndefinedStepException">io.cucumber.junit.UndefinedStepException: The step 'que Yaremis quiere realizar el registro en la pagina web Demo Qa' and 3 other step(s) are undefined.
You can implement these steps using the snippet(s) below:

@Dado(&quot;que Yaremis quiere realizar el registro en la pagina web Demo Qa&quot;)
public void queYaremisQuiereRealizarElRegistroEnLaPaginaWebDemoQa() {
    // Write code here that turns the phrase above into concrete actions
    throw new io.cucumber.java.PendingException();
}
@Cuando(&quot;ingrese a la sección de New user&quot;)
public void ingreseALaSecciónDeNewUser() {
    // Write code here that turns the phrase above into concrete actions
    throw new io.cucumber.java.PendingException();
}
@Cuando(&quot;diligencie los campos de Register to Book Store&quot;)
public void diligencieLosCamposDeRegisterToBookStore() {
    // Write code here that turns the phrase above into concrete actions
    throw new io.cucumber.java.PendingException();
}
@Entonces(&quot;podra realizar el registro de manera exitosa&quot;)
public void podraRealizarElRegistroDeManeraExitosa() {
    // Write code here that turns the phrase above into concrete actions
    throw new io.cucumber.java.PendingException();
}

</failure>
  </testcase>
  <system-out><![CDATA[]]></system-out>
  <system-err><![CDATA[?[32m?[1m┌──────────────────────────────────────────────────────────────────────────┐?[0m
?[32m?[1m│?[0m View your Cucumber Report at:                                            ?[32m?[1m│?[0m
?[32m?[1m│?[0m ?[1m?[36m?[4mhttps://reports.cucumber.io/reports/8f5260fc-eb30-4ce1-b11a-610b9cbbd223?[0m ?[32m?[1m│?[0m
?[32m?[1m│?[0m                                                                          ?[32m?[1m│?[0m
?[32m?[1m│?[0m ?[1mThis report will self-destruct in 24h.?[0m                                   ?[32m?[1m│?[0m
?[32m?[1m│?[0m Keep reports forever: ?[4m?[1m?[36mhttps://reports.cucumber.io/profile?[0m                ?[32m?[1m│?[0m
?[32m?[1m└──────────────────────────────────────────────────────────────────────────┘?[0m]]></system-err>
</testsuite>
